  Main.cpp
i:\visualstudio2017\vc\tools\msvc\14.16.27023\include\xmemory0(881): warning C4244: 'argument': conversion from '_Ty' to 'float', possible loss of data
          with
          [
              _Ty=int
          ]
  i:\visualstudio2017\vc\tools\msvc\14.16.27023\include\vector(900): note: see reference to function template instantiation 'void std::_Default_allocator_traits<_Alloc>::construct<_Ty,int,int,int>(_Alloc &,_Objty *const ,int &&,int &&,int &&)' being compiled
          with
          [
              _Alloc=std::allocator<Vertex>,
              _Ty=Vertex,
              _Objty=Vertex
          ]
  i:\visualstudio2017\vc\tools\msvc\14.16.27023\include\vector(902): note: see reference to function template instantiation 'void std::_Default_allocator_traits<_Alloc>::construct<_Ty,int,int,int>(_Alloc &,_Objty *const ,int &&,int &&,int &&)' being compiled
          with
          [
              _Alloc=std::allocator<Vertex>,
              _Ty=Vertex,
              _Objty=Vertex
          ]
  i:\visualstudio2017\vc\tools\msvc\14.16.27023\include\vector(916): note: see reference to function template instantiation 'void std::vector<Vertex,std::allocator<_Ty>>::_Emplace_back_with_unused_capacity<int,int,int>(int &&,int &&,int &&)' being compiled
          with
          [
              _Ty=Vertex
          ]
  d:\dev\cppseries\stdvector47\stdvector47\main.cpp(29): note: see reference to function template instantiation 'void std::vector<Vertex,std::allocator<_Ty>>::emplace_back<int,int,int>(int &&,int &&,int &&)' being compiled
          with
          [
              _Ty=Vertex
          ]
  stdvector47.vcxproj -> D:\dev\CppSeries\stdvector47\Debug\stdvector47.exe
